Using pre-set license
Built from '2020.2/release' branch; Version is '2020.2.2f1 (068178b99f32) revision 426360'; Using compiler version '192528614'; Build Type 'Release'
OS: 'Windows 10 Home Single Language; OS build 19041.867; Version 2004; 64bit' Language: 'en' Physical Memory: 16312 MB
BatchMode: 1, IsHumanControllingUs: 0, StartBugReporterOnCrash: 0, Is64bit: 1, IsPro: 0

 COMMAND LINE ARGUMENTS:
C:\Program Files\Unity\Hub\Editor\2020.2.2f1\Editor\Unity.exe
-adb2
-batchMode
-noUpm
-name
AssetImportWorker0
-projectPath
C:/Users/vmart/Desktop/CST-326/Space Invader
-logFile
Logs/AssetImportWorker0.log
-srvPort
60677
Successfully changed project path to: C:/Users/vmart/Desktop/CST-326/Space Invader
C:/Users/vmart/Desktop/CST-326/Space Invader
Using Asset Import Pipeline V2.
Refreshing native plugins compatible for Editor in 20.31 ms, found 0 plugins.
Preloading 0 native plugins for Editor in 0.00 ms.
Initialize engine version: 2020.2.2f1 (068178b99f32)
[Subsystems] Discovering subsystems at path C:/Program Files/Unity/Hub/Editor/2020.2.2f1/Editor/Data/Resources/UnitySubsystems
[Subsystems] Discovering subsystems at path C:/Users/vmart/Desktop/CST-326/Space Invader/Assets
GfxDevice: creating device client; threaded=0
Direct3D:
    Version:  Direct3D 11.0 [level 11.1]
    Renderer: NVIDIA GeForce RTX 2080 SUPER (ID=0x1e81)
    Vendor:   
    VRAM:     8010 MB
    Driver:   27.21.14.6089
Initialize mono
Mono path[0] = 'C:/Program Files/Unity/Hub/Editor/2020.2.2f1/Editor/Data/Managed'
Mono path[1] = 'C:/Program Files/Unity/Hub/Editor/2020.2.2f1/Editor/Data/MonoBleedingEdge/lib/mono/unityjit'
Mono config path = 'C:/Program Files/Unity/Hub/Editor/2020.2.2f1/Editor/Data/MonoBleedingEdge/etc'
Using monoOptions --debugger-agent=transport=dt_socket,embedding=1,server=y,suspend=n,address=127.0.0.1:56956
Begin MonoManager ReloadAssembly
Registering precompiled unity dll's ...
Register platform support module: C:/Program Files/Unity/Hub/Editor/2020.2.2f1/Editor/Data/PlaybackEngines/WindowsStandaloneSupport/UnityEditor.WindowsStandalone.Extensions.dll
Registered in 0.001749 seconds.
Native extension for WindowsStandalone target not found
Refreshing native plugins compatible for Editor in 20.70 ms, found 0 plugins.
Preloading 0 native plugins for Editor in 0.00 ms.
Invoked RoslynAnalysisRunner static constructor.
RoslynAnalysisRunner will not be running.
RoslynAnalysisRunner has terminated.
Mono: successfully reloaded assembly
- Completed reload, in  0.860 seconds
Platform modules already initialized, skipping
Registering precompiled user dll's ...
Registered in 0.000516 seconds.
Begin MonoManager ReloadAssembly
Native extension for WindowsStandalone target not found
Refreshing native plugins compatible for Editor in 0.23 ms, found 0 plugins.
Preloading 0 native plugins for Editor in 0.00 ms.
Invoked RoslynAnalysisRunner static constructor.
RoslynAnalysisRunner will not be running.
RoslynAnalysisRunner has terminated.
Mono: successfully reloaded assembly
- Completed reload, in  0.652 seconds
Platform modules already initialized, skipping
========================================================================
Worker process is ready to serve import requests
Launched and connected shader compiler UnityShaderCompiler.exe after 0.04 seconds
Refreshing native plugins compatible for Editor in 0.20 ms, found 0 plugins.
Preloading 0 native plugins for Editor in 0.00 ms.
Unloading 1120 Unused Serialized files (Serialized files now loaded: 0)
System memory in use before: 70.5 MB.
System memory in use after: 70.6 MB.

Unloading 10 unused Assets to reduce memory usage. Loaded Objects now: 1579.
Total: 1.417100 ms (FindLiveObjects: 0.137100 ms CreateObjectMapping: 0.026700 ms MarkObjects: 1.176300 ms  DeleteObjects: 0.076100 ms)

========================================================================
Received Import Request.
  path: Assets/Scenes/DemoScene.unity
  artifactKey: Guid(b10c833d892f8724fac69a0625a5f543) Importer(815301076,1909f56bfc062723c751e8b465ee728b)
Start importing Assets/Scenes/DemoScene.unity using Guid(b10c833d892f8724fac69a0625a5f543) Importer(815301076,1909f56bfc062723c751e8b465ee728b)  -> (artifact id: '7be26466042a5bfb3f67ec3a87f15b8a') in 0.013984 seconds
  Import took 0.015601 seconds .

========================================================================
Received Import Request.
  Time since last request: 36.118826 seconds.
  path: Assets/Animation/Enemy3
  artifactKey: Guid(0b976dde782be7046ab84b85eb6fa569) Importer(815301076,1909f56bfc062723c751e8b465ee728b)
Start importing Assets/Animation/Enemy3 using Guid(0b976dde782be7046ab84b85eb6fa569) Importer(815301076,1909f56bfc062723c751e8b465ee728b)  -> (artifact id: '4da52dfe0aa0a85d376117ddcc71d6ba') in 0.005856 seconds
  Import took 0.007508 seconds .

========================================================================
Received Import Request.
  Time since last request: 151.559355 seconds.
  path: Assets/Animation/Enemy3/Alien3.png
  artifactKey: Guid(c33470baf29aa43438c0d74413ad571a) Importer(815301076,1909f56bfc062723c751e8b465ee728b)
Start importing Assets/Animation/Enemy3/Alien3.png using Guid(c33470baf29aa43438c0d74413ad571a) Importer(815301076,1909f56bfc062723c751e8b465ee728b)  -> (artifact id: 'd13910e8b01ef8e28df1631816bbf30d') in 0.087595 seconds
  Import took 0.089489 seconds .

========================================================================
Received Import Request.
  Time since last request: 0.000170 seconds.
  path: Assets/Animation/Enemy3/Alien3_shoot2.png
  artifactKey: Guid(21f1585faf25b8f45a7e2580682e0b51) Importer(815301076,1909f56bfc062723c751e8b465ee728b)
Start importing Assets/Animation/Enemy3/Alien3_shoot2.png using Guid(21f1585faf25b8f45a7e2580682e0b51) Importer(815301076,1909f56bfc062723c751e8b465ee728b)  -> (artifact id: '0efff1db9fde79b5bb53ba285d1002f4') in 0.020247 seconds
  Import took 0.021963 seconds .

========================================================================
Received Import Request.
  Time since last request: 0.000176 seconds.
  path: Assets/Animation/Enemy3/Alien3_shoot3.png
  artifactKey: Guid(fc773a884d4af1746ae7e9ff9b2f3570) Importer(815301076,1909f56bfc062723c751e8b465ee728b)
Start importing Assets/Animation/Enemy3/Alien3_shoot3.png using Guid(fc773a884d4af1746ae7e9ff9b2f3570) Importer(815301076,1909f56bfc062723c751e8b465ee728b)  -> (artifact id: 'c7b390b3d7ed4834d0d0304804970a32') in 0.014533 seconds
  Import took 0.016269 seconds .

========================================================================
Received Import Request.
  Time since last request: 0.000155 seconds.
  path: Assets/Animation/Enemy3/Alien3_animation3.png
  artifactKey: Guid(b8b464389dc532f4c9c2d25b484202b6) Importer(815301076,1909f56bfc062723c751e8b465ee728b)
Start importing Assets/Animation/Enemy3/Alien3_animation3.png using Guid(b8b464389dc532f4c9c2d25b484202b6) Importer(815301076,1909f56bfc062723c751e8b465ee728b)  -> (artifact id: '71219f34d9a6ff0b9bc9d5a532729d70') in 0.014616 seconds
  Import took 0.016396 seconds .

========================================================================
Received Import Request.
  Time since last request: 0.000176 seconds.
  path: Assets/Animation/Enemy3/Alien3_shoot1.png
  artifactKey: Guid(df81082950e97b4429bab4a1bf56d71e) Importer(815301076,1909f56bfc062723c751e8b465ee728b)
Start importing Assets/Animation/Enemy3/Alien3_shoot1.png using Guid(df81082950e97b4429bab4a1bf56d71e) Importer(815301076,1909f56bfc062723c751e8b465ee728b)  -> (artifact id: 'a1101af8e550145b70c12410b031289d') in 0.015263 seconds
  Import took 0.016961 seconds .

========================================================================
Received Import Request.
  Time since last request: 0.000158 seconds.
  path: Assets/Animation/Enemy3/Alien3_animation2.png
  artifactKey: Guid(1974bd4c5be63e148adf46ca5d39ef28) Importer(815301076,1909f56bfc062723c751e8b465ee728b)
Start importing Assets/Animation/Enemy3/Alien3_animation2.png using Guid(1974bd4c5be63e148adf46ca5d39ef28) Importer(815301076,1909f56bfc062723c751e8b465ee728b)  -> (artifact id: 'b9b5191c8fe1097a3dfafa837ab579c6') in 0.014655 seconds
  Import took 0.016470 seconds .

========================================================================
Received Import Request.
  Time since last request: 27.745881 seconds.
  path: Assets/Animation/Enemy3/Alien3.png
  artifactKey: Guid(c33470baf29aa43438c0d74413ad571a) Importer(815301076,1909f56bfc062723c751e8b465ee728b)
Start importing Assets/Animation/Enemy3/Alien3.png using Guid(c33470baf29aa43438c0d74413ad571a) Importer(815301076,1909f56bfc062723c751e8b465ee728b)  -> (artifact id: '7c19dd4290e3d1c50bc174a1b3a2430f') in 0.040996 seconds
  Import took 0.042802 seconds .

========================================================================
Received Import Request.
  Time since last request: 0.000136 seconds.
  path: Assets/Animation/Enemy3/Alien3_shoot2.png
  artifactKey: Guid(21f1585faf25b8f45a7e2580682e0b51) Importer(815301076,1909f56bfc062723c751e8b465ee728b)
Start importing Assets/Animation/Enemy3/Alien3_shoot2.png using Guid(21f1585faf25b8f45a7e2580682e0b51) Importer(815301076,1909f56bfc062723c751e8b465ee728b)  -> (artifact id: '674202bfb6ba2b843daba8d2db6b025c') in 0.013856 seconds
  Import took 0.015474 seconds .

========================================================================
Received Import Request.
  Time since last request: 0.000127 seconds.
  path: Assets/Animation/Enemy3/Alien3_shoot3.png
  artifactKey: Guid(fc773a884d4af1746ae7e9ff9b2f3570) Importer(815301076,1909f56bfc062723c751e8b465ee728b)
Start importing Assets/Animation/Enemy3/Alien3_shoot3.png using Guid(fc773a884d4af1746ae7e9ff9b2f3570) Importer(815301076,1909f56bfc062723c751e8b465ee728b)  -> (artifact id: 'f6c4f574bba7f70fc4244a27801bd2db') in 0.011453 seconds
  Import took 0.012914 seconds .

========================================================================
Received Import Request.
  Time since last request: 0.000153 seconds.
  path: Assets/Animation/Enemy3/Alien3_animation3.png
  artifactKey: Guid(b8b464389dc532f4c9c2d25b484202b6) Importer(815301076,1909f56bfc062723c751e8b465ee728b)
Start importing Assets/Animation/Enemy3/Alien3_animation3.png using Guid(b8b464389dc532f4c9c2d25b484202b6) Importer(815301076,1909f56bfc062723c751e8b465ee728b)  -> (artifact id: '0d186a891dc206732e7b816f977df26b') in 0.011794 seconds
  Import took 0.013451 seconds .

========================================================================
Received Import Request.
  Time since last request: 0.000134 seconds.
  path: Assets/Animation/Enemy3/Alien3_shoot1.png
  artifactKey: Guid(df81082950e97b4429bab4a1bf56d71e) Importer(815301076,1909f56bfc062723c751e8b465ee728b)
Start importing Assets/Animation/Enemy3/Alien3_shoot1.png using Guid(df81082950e97b4429bab4a1bf56d71e) Importer(815301076,1909f56bfc062723c751e8b465ee728b)  -> (artifact id: '771aeb57c57024526c23a6a9dff97c64') in 0.013388 seconds
  Import took 0.014892 seconds .

========================================================================
Received Import Request.
  Time since last request: 0.000126 seconds.
  path: Assets/Animation/Enemy3/Alien3_animation2.png
  artifactKey: Guid(1974bd4c5be63e148adf46ca5d39ef28) Importer(815301076,1909f56bfc062723c751e8b465ee728b)
Start importing Assets/Animation/Enemy3/Alien3_animation2.png using Guid(1974bd4c5be63e148adf46ca5d39ef28) Importer(815301076,1909f56bfc062723c751e8b465ee728b)  -> (artifact id: '1dba958aad37fcbf9734ccce7064d994') in 0.013359 seconds
  Import took 0.014936 seconds .

========================================================================
Received Import Request.
  Time since last request: 52.733963 seconds.
  path: Assets/Animation/Enemy3/Alien3.controller
  artifactKey: Guid(fcbe2951ca3349d4da9f726cd20f3c83) Importer(815301076,1909f56bfc062723c751e8b465ee728b)
Start importing Assets/Animation/Enemy3/Alien3.controller using Guid(fcbe2951ca3349d4da9f726cd20f3c83) Importer(815301076,1909f56bfc062723c751e8b465ee728b)  -> (artifact id: 'e601f7de70b3282260e724fdf3a4b972') in 0.006397 seconds
  Import took 0.008101 seconds .

========================================================================
Received Import Request.
  Time since last request: 795.670914 seconds.
  path: Assets/Animation/Enemy3/Enemy3.controller
  artifactKey: Guid(fcbe2951ca3349d4da9f726cd20f3c83) Importer(815301076,1909f56bfc062723c751e8b465ee728b)
Start importing Assets/Animation/Enemy3/Enemy3.controller using Guid(fcbe2951ca3349d4da9f726cd20f3c83) Importer(815301076,1909f56bfc062723c751e8b465ee728b)  -> (artifact id: '98fa10444c1cc70d221e43fa9459983d') in 0.006713 seconds
  Import took 0.008612 seconds .

========================================================================
Received Import Request.
  Time since last request: 18.399159 seconds.
  path: Assets/Animation/Enemy3/Enemy3_Idle.anim
  artifactKey: Guid(c5299ad3e99c83946bd11aa730f02e13) Importer(815301076,1909f56bfc062723c751e8b465ee728b)
Start importing Assets/Animation/Enemy3/Enemy3_Idle.anim using Guid(c5299ad3e99c83946bd11aa730f02e13) Importer(815301076,1909f56bfc062723c751e8b465ee728b)  -> (artifact id: 'af9d0757e361c832923f667abc88d848') in 0.007918 seconds
  Import took 0.009752 seconds .

========================================================================
Received Import Request.
  Time since last request: 1156.050125 seconds.
  path: Assets/Animation/Enemy3/Enemy3_Shoot.anim
  artifactKey: Guid(ece1c2ac58b6d27498fe526eee543434) Importer(815301076,1909f56bfc062723c751e8b465ee728b)
Start importing Assets/Animation/Enemy3/Enemy3_Shoot.anim using Guid(ece1c2ac58b6d27498fe526eee543434) Importer(815301076,1909f56bfc062723c751e8b465ee728b)  -> (artifact id: '6ac3a2c3d2d065f50aefa9a4449c714f') in 0.007624 seconds
  Import took 0.009747 seconds .

========================================================================
Received Import Request.
  Time since last request: 133.002934 seconds.
  path: Assets/Animation/Enemy3/Enemy3_Boom.anim
  artifactKey: Guid(6a964576708e35b4baf14f1e2f41c2be) Importer(815301076,1909f56bfc062723c751e8b465ee728b)
Start importing Assets/Animation/Enemy3/Enemy3_Boom.anim using Guid(6a964576708e35b4baf14f1e2f41c2be) Importer(815301076,1909f56bfc062723c751e8b465ee728b)  -> (artifact id: '5d6c72e81cd8f66f80641b0e79ce62f4') in 0.006489 seconds
  Import took 0.008254 seconds .

========================================================================
Received Import Request.
  Time since last request: 76.255391 seconds.
  path: Assets/Animation/Enemy2/Enemy2.controller
  artifactKey: Guid(6c83760f893c19b468702375f981e6bd) Importer(815301076,1909f56bfc062723c751e8b465ee728b)
Start importing Assets/Animation/Enemy2/Enemy2.controller using Guid(6c83760f893c19b468702375f981e6bd) Importer(815301076,1909f56bfc062723c751e8b465ee728b)  -> (artifact id: '4daf93050c513b23fe243864d6bdacab') in 0.024408 seconds
  Import took 0.026153 seconds .

========================================================================
Received Prepare
Registering precompiled user dll's ...
Registered in 0.000474 seconds.
Begin MonoManager ReloadAssembly
Native extension for WindowsStandalone target not found
Refreshing native plugins compatible for Editor in 0.20 ms, found 0 plugins.
Preloading 0 native plugins for Editor in 0.00 ms.
Invoked RoslynAnalysisRunner static constructor.
RoslynAnalysisRunner will not be running.
RoslynAnalysisRunner has terminated.
Mono: successfully reloaded assembly
- Completed reload, in  0.589 seconds
Platform modules already initialized, skipping
Refreshing native plugins compatible for Editor in 0.20 ms, found 0 plugins.
Preloading 0 native plugins for Editor in 0.00 ms.
Unloading 1102 Unused Serialized files (Serialized files now loaded: 0)
System memory in use before: 72.8 MB.
System memory in use after: 72.9 MB.

Unloading 5 unused Assets to reduce memory usage. Loaded Objects now: 1588.
Total: 1.344000 ms (FindLiveObjects: 0.129700 ms CreateObjectMapping: 0.024600 ms MarkObjects: 1.133800 ms  DeleteObjects: 0.054700 ms)

========================================================================
Received Import Request.
  Time since last request: 1057.064036 seconds.
  path: Assets/Animation/Enemy4
  artifactKey: Guid(565d45ad1444fe148b61e68ed37ba079) Importer(815301076,1909f56bfc062723c751e8b465ee728b)
Start importing Assets/Animation/Enemy4 using Guid(565d45ad1444fe148b61e68ed37ba079) Importer(815301076,1909f56bfc062723c751e8b465ee728b)  -> (artifact id: '938837a48dcb46af45c3b34537006fb9') in 0.008598 seconds
  Import took 0.010675 seconds .

========================================================================
Received Import Request.
  Time since last request: 9.572418 seconds.
  path: Assets/Scenes/MainMenu.unity
  artifactKey: Guid(286d826bf9e8c8f468deee92fe7de81d) Importer(815301076,1909f56bfc062723c751e8b465ee728b)
Start importing Assets/Scenes/MainMenu.unity using Guid(286d826bf9e8c8f468deee92fe7de81d) Importer(815301076,1909f56bfc062723c751e8b465ee728b)  -> (artifact id: 'ccd83090fa3f1770f49277293097aff8') in 0.012830 seconds
  Import took 0.014599 seconds .

========================================================================
Received Prepare
Registering precompiled user dll's ...
Registered in 0.000577 seconds.
Begin MonoManager ReloadAssembly
Native extension for WindowsStandalone target not found
Refreshing native plugins compatible for Editor in 0.20 ms, found 0 plugins.
Preloading 0 native plugins for Editor in 0.00 ms.
Invoked RoslynAnalysisRunner static constructor.
RoslynAnalysisRunner will not be running.
RoslynAnalysisRunner has terminated.
Mono: successfully reloaded assembly
- Completed reload, in  0.591 seconds
Platform modules already initialized, skipping
Refreshing native plugins compatible for Editor in 0.21 ms, found 0 plugins.
Preloading 0 native plugins for Editor in 0.00 ms.
Unloading 1102 Unused Serialized files (Serialized files now loaded: 0)
System memory in use before: 73.1 MB.
System memory in use after: 73.2 MB.

Unloading 5 unused Assets to reduce memory usage. Loaded Objects now: 1590.
Total: 1.347700 ms (FindLiveObjects: 0.121300 ms CreateObjectMapping: 0.024300 ms MarkObjects: 1.149700 ms  DeleteObjects: 0.051700 ms)

========================================================================
Received Import Request.
  Time since last request: 36.325029 seconds.
  path: Assets/Scenes/DemoScene.unity
  artifactKey: Guid(b10c833d892f8724fac69a0625a5f543) Importer(815301076,1909f56bfc062723c751e8b465ee728b)
Start importing Assets/Scenes/DemoScene.unity using Guid(b10c833d892f8724fac69a0625a5f543) Importer(815301076,1909f56bfc062723c751e8b465ee728b)  -> (artifact id: 'aff93c0089425001c98353e85de25fe0') in 0.012603 seconds
  Import took 0.014324 seconds .

========================================================================
Received Import Request.
  Time since last request: 133.609687 seconds.
  path: Assets/Animation/Enemy4/Alien4.png
  artifactKey: Guid(34dd76ee61ba3cd4ca83e968516e9615) Importer(815301076,1909f56bfc062723c751e8b465ee728b)
Start importing Assets/Animation/Enemy4/Alien4.png using Guid(34dd76ee61ba3cd4ca83e968516e9615) Importer(815301076,1909f56bfc062723c751e8b465ee728b)  -> (artifact id: 'dc78ca63babde6d6bcb276654e4e5c0e') in 0.072633 seconds
  Import took 0.074570 seconds .

========================================================================
Received Import Request.
  Time since last request: 0.000215 seconds.
  path: Assets/Animation/Enemy4/Alien4_animation3.png
  artifactKey: Guid(68e26cd6021208d4fbc894e25e67152e) Importer(815301076,1909f56bfc062723c751e8b465ee728b)
Start importing Assets/Animation/Enemy4/Alien4_animation3.png using Guid(68e26cd6021208d4fbc894e25e67152e) Importer(815301076,1909f56bfc062723c751e8b465ee728b)  -> (artifact id: '60214a7529e542c0a7c2512e03997d8f') in 0.017638 seconds
  Import took 0.019748 seconds .

========================================================================
Received Import Request.
  Time since last request: 0.000156 seconds.
  path: Assets/Animation/Enemy4/Alien4_animation2.png
  artifactKey: Guid(49302b075de8d564690b53dbee6f70b7) Importer(815301076,1909f56bfc062723c751e8b465ee728b)
Start importing Assets/Animation/Enemy4/Alien4_animation2.png using Guid(49302b075de8d564690b53dbee6f70b7) Importer(815301076,1909f56bfc062723c751e8b465ee728b)  -> (artifact id: 'ac1666dbfa6495a15eb3fb2a0f364dd2') in 0.016652 seconds
  Import took 0.018448 seconds .

========================================================================
Received Import Request.
  Time since last request: 0.000160 seconds.
  path: Assets/Animation/Enemy4/Alien4_shoot1.png
  artifactKey: Guid(919e547313bc73b479866adffb4455ac) Importer(815301076,1909f56bfc062723c751e8b465ee728b)
Start importing Assets/Animation/Enemy4/Alien4_shoot1.png using Guid(919e547313bc73b479866adffb4455ac) Importer(815301076,1909f56bfc062723c751e8b465ee728b)  -> (artifact id: '30402bddb92dd06ac90cb53f1b45cdb9') in 0.017752 seconds
  Import took 0.019332 seconds .

========================================================================
Received Import Request.
  Time since last request: 0.000165 seconds.
  path: Assets/Animation/Enemy4/Alien4_shoot2.png
  artifactKey: Guid(b62791ccb7840334e90e1d9adc0f88b7) Importer(815301076,1909f56bfc062723c751e8b465ee728b)
Start importing Assets/Animation/Enemy4/Alien4_shoot2.png using Guid(b62791ccb7840334e90e1d9adc0f88b7) Importer(815301076,1909f56bfc062723c751e8b465ee728b)  -> (artifact id: 'f5c0f02796c1dafbe3df501a0bffec84') in 0.014745 seconds
  Import took 0.016482 seconds .

========================================================================
Received Import Request.
  Time since last request: 0.000156 seconds.
  path: Assets/Animation/Enemy4/Alien4_shoot3.png
  artifactKey: Guid(bf64cb6b05c9285479f0e7670b58f8c9) Importer(815301076,1909f56bfc062723c751e8b465ee728b)
Start importing Assets/Animation/Enemy4/Alien4_shoot3.png using Guid(bf64cb6b05c9285479f0e7670b58f8c9) Importer(815301076,1909f56bfc062723c751e8b465ee728b)  -> (artifact id: '4bbdb32d89ca2f47873134999fe91f08') in 0.014667 seconds
  Import took 0.016205 seconds .

========================================================================
Received Import Request.
  Time since last request: 0.002291 seconds.
  path: Assets/Animation/Enemy4/Alien4_shoot3.png
  artifactKey: Guid(bf64cb6b05c9285479f0e7670b58f8c9) Importer(815301076,1909f56bfc062723c751e8b465ee728b)
Start importing Assets/Animation/Enemy4/Alien4_shoot3.png using Guid(bf64cb6b05c9285479f0e7670b58f8c9) Importer(815301076,1909f56bfc062723c751e8b465ee728b)  -> (artifact id: '4bbdb32d89ca2f47873134999fe91f08') in 0.010763 seconds
  Import took 0.012326 seconds .

========================================================================
Received Import Request.
  Time since last request: 17.798403 seconds.
  path: Assets/Animation/Enemy4/Alien4.png
  artifactKey: Guid(34dd76ee61ba3cd4ca83e968516e9615) Importer(815301076,1909f56bfc062723c751e8b465ee728b)
Start importing Assets/Animation/Enemy4/Alien4.png using Guid(34dd76ee61ba3cd4ca83e968516e9615) Importer(815301076,1909f56bfc062723c751e8b465ee728b)  -> (artifact id: '738c4b0c22df0dd845105c061c6775f3') in 0.029557 seconds
  Import took 0.031319 seconds .

========================================================================
Received Import Request.
  Time since last request: 0.000156 seconds.
  path: Assets/Animation/Enemy4/Alien4_animation3.png
  artifactKey: Guid(68e26cd6021208d4fbc894e25e67152e) Importer(815301076,1909f56bfc062723c751e8b465ee728b)
Start importing Assets/Animation/Enemy4/Alien4_animation3.png using Guid(68e26cd6021208d4fbc894e25e67152e) Importer(815301076,1909f56bfc062723c751e8b465ee728b)  -> (artifact id: 'ea0b04445e07db659cce70bf069a0cf5') in 0.012517 seconds
  Import took 0.014207 seconds .

========================================================================
Received Import Request.
  Time since last request: 0.000158 seconds.
  path: Assets/Animation/Enemy4/Alien4_animation2.png
  artifactKey: Guid(49302b075de8d564690b53dbee6f70b7) Importer(815301076,1909f56bfc062723c751e8b465ee728b)
Start importing Assets/Animation/Enemy4/Alien4_animation2.png using Guid(49302b075de8d564690b53dbee6f70b7) Importer(815301076,1909f56bfc062723c751e8b465ee728b)  -> (artifact id: 'eb7d23b41d94d89fadbd852d18f8b571') in 0.012401 seconds
  Import took 0.013949 seconds .

========================================================================
Received Import Request.
  Time since last request: 0.000158 seconds.
  path: Assets/Animation/Enemy4/Alien4_shoot1.png
  artifactKey: Guid(919e547313bc73b479866adffb4455ac) Importer(815301076,1909f56bfc062723c751e8b465ee728b)
Start importing Assets/Animation/Enemy4/Alien4_shoot1.png using Guid(919e547313bc73b479866adffb4455ac) Importer(815301076,1909f56bfc062723c751e8b465ee728b)  -> (artifact id: '421f802e83892b06dfd08f5e240cd234') in 0.012685 seconds
  Import took 0.014263 seconds .

========================================================================
Received Import Request.
  Time since last request: 0.000151 seconds.
  path: Assets/Animation/Enemy4/Alien4_shoot2.png
  artifactKey: Guid(b62791ccb7840334e90e1d9adc0f88b7) Importer(815301076,1909f56bfc062723c751e8b465ee728b)
Start importing Assets/Animation/Enemy4/Alien4_shoot2.png using Guid(b62791ccb7840334e90e1d9adc0f88b7) Importer(815301076,1909f56bfc062723c751e8b465ee728b)  -> (artifact id: '620ab53a9d39fa45eb7bbca272b43943') in 0.011700 seconds
  Import took 0.013408 seconds .

========================================================================
Received Import Request.
  Time since last request: 0.000180 seconds.
  path: Assets/Animation/Enemy4/Alien4_shoot3.png
  artifactKey: Guid(bf64cb6b05c9285479f0e7670b58f8c9) Importer(815301076,1909f56bfc062723c751e8b465ee728b)
Start importing Assets/Animation/Enemy4/Alien4_shoot3.png using Guid(bf64cb6b05c9285479f0e7670b58f8c9) Importer(815301076,1909f56bfc062723c751e8b465ee728b)  -> (artifact id: 'd09df3aa09bdc92cafdc8ff5df325f78') in 0.012793 seconds
  Import took 0.014483 seconds .

========================================================================
Received Import Request.
  Time since last request: 12.541511 seconds.
  path: Assets/Animation/Enemy4/Enemy4_Idle.anim
  artifactKey: Guid(cf7aea5356cde204a97feb636bcb09e9) Importer(815301076,1909f56bfc062723c751e8b465ee728b)
Start importing Assets/Animation/Enemy4/Enemy4_Idle.anim using Guid(cf7aea5356cde204a97feb636bcb09e9) Importer(815301076,1909f56bfc062723c751e8b465ee728b)  -> (artifact id: '88b6dc8c5510453e5a4cb317e959c259') in 0.007081 seconds
  Import took 0.008879 seconds .

========================================================================
Received Import Request.
  Time since last request: 22.711090 seconds.
  path: Assets/Animation/Enemy4/Enemy4.controller
  artifactKey: Guid(3fb1cea29da92f84bbc8575db5ad400b) Importer(815301076,1909f56bfc062723c751e8b465ee728b)
Start importing Assets/Animation/Enemy4/Enemy4.controller using Guid(3fb1cea29da92f84bbc8575db5ad400b) Importer(815301076,1909f56bfc062723c751e8b465ee728b)  -> (artifact id: '8822d91157e5e2aaac85d90e2eb4da77') in 0.004045 seconds
  Import took 0.006019 seconds .

========================================================================
Received Import Request.
  Time since last request: 101.392662 seconds.
  path: Assets/Animation/Enemy4/Enemy4_Shoot.anim
  artifactKey: Guid(faec995b7d65a7c499353717b2f93eef) Importer(815301076,1909f56bfc062723c751e8b465ee728b)
Start importing Assets/Animation/Enemy4/Enemy4_Shoot.anim using Guid(faec995b7d65a7c499353717b2f93eef) Importer(815301076,1909f56bfc062723c751e8b465ee728b)  -> (artifact id: 'c248144882d873e5a029d35d1cbaeaa7') in 0.006563 seconds
  Import took 0.008344 seconds .

========================================================================
Received Import Request.
  Time since last request: 17.185932 seconds.
  path: Assets/Animation/Enemy4/Enemy4_Boom.anim
  artifactKey: Guid(513520f5816aa7d408c305a43c888883) Importer(815301076,1909f56bfc062723c751e8b465ee728b)
Start importing Assets/Animation/Enemy4/Enemy4_Boom.anim using Guid(513520f5816aa7d408c305a43c888883) Importer(815301076,1909f56bfc062723c751e8b465ee728b)  -> (artifact id: '6754c2288f51266e0deff8dfeea5a24e') in 0.006886 seconds
  Import took 0.008620 seconds .

========================================================================
Received Prepare
Registering precompiled user dll's ...
Registered in 0.000893 seconds.
Begin MonoManager ReloadAssembly
Native extension for WindowsStandalone target not found
Refreshing native plugins compatible for Editor in 0.21 ms, found 0 plugins.
Preloading 0 native plugins for Editor in 0.00 ms.
Invoked RoslynAnalysisRunner static constructor.
RoslynAnalysisRunner will not be running.
RoslynAnalysisRunner has terminated.
Mono: successfully reloaded assembly
- Completed reload, in  0.628 seconds
Platform modules already initialized, skipping
Refreshing native plugins compatible for Editor in 0.21 ms, found 0 plugins.
Preloading 0 native plugins for Editor in 0.00 ms.
Unloading 1102 Unused Serialized files (Serialized files now loaded: 0)
System memory in use before: 73.3 MB.
System memory in use after: 73.4 MB.

Unloading 5 unused Assets to reduce memory usage. Loaded Objects now: 1593.
Total: 1.508700 ms (FindLiveObjects: 0.165800 ms CreateObjectMapping: 0.026700 ms MarkObjects: 1.253600 ms  DeleteObjects: 0.061500 ms)

========================================================================
Received Import Request.
  Time since last request: 278.473726 seconds.
  path: Assets/Scenes/DemoScene.unity
  artifactKey: Guid(b10c833d892f8724fac69a0625a5f543) Importer(815301076,1909f56bfc062723c751e8b465ee728b)
Start importing Assets/Scenes/DemoScene.unity using Guid(b10c833d892f8724fac69a0625a5f543) Importer(815301076,1909f56bfc062723c751e8b465ee728b)  -> (artifact id: 'edaa34177cf6add483c87cb5af203707') in 0.010364 seconds
  Import took 0.012125 seconds .

========================================================================
Received Import Request.
  Time since last request: 9.373221 seconds.
  path: Assets/Scenes/MainMenu.unity
  artifactKey: Guid(286d826bf9e8c8f468deee92fe7de81d) Importer(815301076,1909f56bfc062723c751e8b465ee728b)
Start importing Assets/Scenes/MainMenu.unity using Guid(286d826bf9e8c8f468deee92fe7de81d) Importer(815301076,1909f56bfc062723c751e8b465ee728b)  -> (artifact id: '1b7ce9ba2322aaf46f8cd56d96782d1f') in 0.003055 seconds
  Import took 0.004764 seconds .

========================================================================
Received Import Request.
  Time since last request: 84.293857 seconds.
  path: Assets/Animation/Enemy3/Enemy3_Idle.anim
  artifactKey: Guid(c5299ad3e99c83946bd11aa730f02e13) Importer(815301076,1909f56bfc062723c751e8b465ee728b)
Start importing Assets/Animation/Enemy3/Enemy3_Idle.anim using Guid(c5299ad3e99c83946bd11aa730f02e13) Importer(815301076,1909f56bfc062723c751e8b465ee728b)  -> (artifact id: 'cc4cc5271a1506354420f30c738b5622') in 0.007012 seconds
  Import took 0.008698 seconds .

========================================================================
Received Import Request.
  Time since last request: 0.003734 seconds.
  path: Assets/Animation/Enemy3/Enemy3_Idle.anim
  artifactKey: Guid(c5299ad3e99c83946bd11aa730f02e13) Importer(815301076,1909f56bfc062723c751e8b465ee728b)
Start importing Assets/Animation/Enemy3/Enemy3_Idle.anim using Guid(c5299ad3e99c83946bd11aa730f02e13) Importer(815301076,1909f56bfc062723c751e8b465ee728b)  -> (artifact id: 'cc4cc5271a1506354420f30c738b5622') in 0.003308 seconds
  Import took 0.004604 seconds .

========================================================================
Received Import Request.
  Time since last request: 4.360878 seconds.
  path: Assets/Animation/Enemy4/Enemy4_Idle.anim
  artifactKey: Guid(cf7aea5356cde204a97feb636bcb09e9) Importer(815301076,1909f56bfc062723c751e8b465ee728b)
Start importing Assets/Animation/Enemy4/Enemy4_Idle.anim using Guid(cf7aea5356cde204a97feb636bcb09e9) Importer(815301076,1909f56bfc062723c751e8b465ee728b)  -> (artifact id: 'cfce8c220c245e567bc9566afad21572') in 0.003876 seconds
  Import took 0.005930 seconds .

========================================================================
Received Import Request.
  Time since last request: 0.003831 seconds.
  path: Assets/Animation/Enemy4/Enemy4_Idle.anim
  artifactKey: Guid(cf7aea5356cde204a97feb636bcb09e9) Importer(815301076,1909f56bfc062723c751e8b465ee728b)
Start importing Assets/Animation/Enemy4/Enemy4_Idle.anim using Guid(cf7aea5356cde204a97feb636bcb09e9) Importer(815301076,1909f56bfc062723c751e8b465ee728b)  -> (artifact id: 'cfce8c220c245e567bc9566afad21572') in 0.004395 seconds
  Import took 0.005934 seconds .

========================================================================
Received Prepare
Registering precompiled user dll's ...
Registered in 0.000569 seconds.
Begin MonoManager ReloadAssembly
Native extension for WindowsStandalone target not found
Refreshing native plugins compatible for Editor in 0.21 ms, found 0 plugins.
Preloading 0 native plugins for Editor in 0.00 ms.
Invoked RoslynAnalysisRunner static constructor.
RoslynAnalysisRunner will not be running.
RoslynAnalysisRunner has terminated.
Mono: successfully reloaded assembly
- Completed reload, in  0.623 seconds
Platform modules already initialized, skipping
Refreshing native plugins compatible for Editor in 0.23 ms, found 0 plugins.
Preloading 0 native plugins for Editor in 0.00 ms.
Unloading 1102 Unused Serialized files (Serialized files now loaded: 0)
System memory in use before: 73.7 MB.
System memory in use after: 73.8 MB.

Unloading 5 unused Assets to reduce memory usage. Loaded Objects now: 1595.
Total: 1.599000 ms (FindLiveObjects: 0.176200 ms CreateObjectMapping: 0.026600 ms MarkObjects: 1.317400 ms  DeleteObjects: 0.077600 ms)

========================================================================
Received Prepare
Registering precompiled user dll's ...
Registered in 0.000859 seconds.
Begin MonoManager ReloadAssembly
Native extension for WindowsStandalone target not found
Refreshing native plugins compatible for Editor in 0.27 ms, found 0 plugins.
Preloading 0 native plugins for Editor in 0.00 ms.
Invoked RoslynAnalysisRunner static constructor.
RoslynAnalysisRunner will not be running.
RoslynAnalysisRunner has terminated.
Mono: successfully reloaded assembly
- Completed reload, in  0.644 seconds
Platform modules already initialized, skipping
Refreshing native plugins compatible for Editor in 0.33 ms, found 0 plugins.
Preloading 0 native plugins for Editor in 0.00 ms.
Unloading 1102 Unused Serialized files (Serialized files now loaded: 0)
System memory in use before: 74.0 MB.
System memory in use after: 74.0 MB.

Unloading 5 unused Assets to reduce memory usage. Loaded Objects now: 1597.
Total: 2.377300 ms (FindLiveObjects: 0.267000 ms CreateObjectMapping: 0.038300 ms MarkObjects: 1.984400 ms  DeleteObjects: 0.086600 ms)

========================================================================
Received Import Request.
  Time since last request: 548.850469 seconds.
  path: Assets/PlayerBoom.wav
  artifactKey: Guid(6f79ea65616e9b14192b3c57b975aa6b) Importer(815301076,1909f56bfc062723c751e8b465ee728b)
Start importing Assets/PlayerBoom.wav using Guid(6f79ea65616e9b14192b3c57b975aa6b) Importer(815301076,1909f56bfc062723c751e8b465ee728b)  -> (artifact id: '40db932d348010e188e021dd393a0351') in 0.063621 seconds
  Import took 0.066094 seconds .

========================================================================
Received Import Request.
  Time since last request: 8.855586 seconds.
  path: Assets/Scripts/Player.cs
  artifactKey: Guid(4cdcdc8f506968548b9b30cef6fdf27c) Importer(815301076,1909f56bfc062723c751e8b465ee728b)
Start importing Assets/Scripts/Player.cs using Guid(4cdcdc8f506968548b9b30cef6fdf27c) Importer(815301076,1909f56bfc062723c751e8b465ee728b)  -> (artifact id: '232ddd03786773dfdb07931076d75d2f') in 0.015753 seconds
  Import took 0.017553 seconds .

========================================================================
Received Prepare
Registering precompiled user dll's ...
Registered in 0.000543 seconds.
Begin MonoManager ReloadAssembly
Native extension for WindowsStandalone target not found
Refreshing native plugins compatible for Editor in 0.22 ms, found 0 plugins.
Preloading 0 native plugins for Editor in 0.00 ms.
Invoked RoslynAnalysisRunner static constructor.
RoslynAnalysisRunner will not be running.
RoslynAnalysisRunner has terminated.
Mono: successfully reloaded assembly
- Completed reload, in  0.641 seconds
Platform modules already initialized, skipping
Refreshing native plugins compatible for Editor in 0.22 ms, found 0 plugins.
Preloading 0 native plugins for Editor in 0.00 ms.
Unloading 1102 Unused Serialized files (Serialized files now loaded: 0)
System memory in use before: 74.3 MB.
System memory in use after: 74.4 MB.

Unloading 5 unused Assets to reduce memory usage. Loaded Objects now: 1605.
Total: 1.632500 ms (FindLiveObjects: 0.153700 ms CreateObjectMapping: 0.025300 ms MarkObjects: 1.385400 ms  DeleteObjects: 0.066800 ms)

========================================================================
Received Prepare
Registering precompiled user dll's ...
Registered in 0.000729 seconds.
Begin MonoManager ReloadAssembly
Native extension for WindowsStandalone target not found
Refreshing native plugins compatible for Editor in 0.28 ms, found 0 plugins.
Preloading 0 native plugins for Editor in 0.00 ms.
Invoked RoslynAnalysisRunner static constructor.
RoslynAnalysisRunner will not be running.
RoslynAnalysisRunner has terminated.
Mono: successfully reloaded assembly
- Completed reload, in  0.666 seconds
Platform modules already initialized, skipping
Refreshing native plugins compatible for Editor in 0.29 ms, found 0 plugins.
Preloading 0 native plugins for Editor in 0.00 ms.
Unloading 1102 Unused Serialized files (Serialized files now loaded: 0)
System memory in use before: 74.5 MB.
System memory in use after: 74.5 MB.

Unloading 5 unused Assets to reduce memory usage. Loaded Objects now: 1607.
Total: 2.940400 ms (FindLiveObjects: 0.334100 ms CreateObjectMapping: 0.075800 ms MarkObjects: 2.420300 ms  DeleteObjects: 0.108700 ms)

========================================================================
Received Prepare
Registering precompiled user dll's ...
Registered in 0.000713 seconds.
Begin MonoManager ReloadAssembly
Native extension for WindowsStandalone target not found
Refreshing native plugins compatible for Editor in 0.22 ms, found 0 plugins.
Preloading 0 native plugins for Editor in 0.00 ms.
Invoked RoslynAnalysisRunner static constructor.
RoslynAnalysisRunner will not be running.
RoslynAnalysisRunner has terminated.
Mono: successfully reloaded assembly
- Completed reload, in  0.651 seconds
Platform modules already initialized, skipping
Refreshing native plugins compatible for Editor in 0.21 ms, found 0 plugins.
Preloading 0 native plugins for Editor in 0.00 ms.
Unloading 1102 Unused Serialized files (Serialized files now loaded: 0)
System memory in use before: 73.9 MB.
System memory in use after: 73.9 MB.

Unloading 5 unused Assets to reduce memory usage. Loaded Objects now: 1609.
Total: 1.875700 ms (FindLiveObjects: 0.166200 ms CreateObjectMapping: 0.026400 ms MarkObjects: 1.609300 ms  DeleteObjects: 0.072500 ms)

========================================================================
Received Import Request.
  Time since last request: 158.452395 seconds.
  path: Assets/PlayerBoom.wav
  artifactKey: Guid(6f79ea65616e9b14192b3c57b975aa6b) Importer(815301076,1909f56bfc062723c751e8b465ee728b)
Start importing Assets/PlayerBoom.wav using Guid(6f79ea65616e9b14192b3c57b975aa6b) Importer(815301076,1909f56bfc062723c751e8b465ee728b)  -> (artifact id: '83bad8d9e957b01efc5a8648fe50dd0b') in 0.049056 seconds
  Import took 0.051089 seconds .

========================================================================
Received Prepare
Registering precompiled user dll's ...
Registered in 0.000698 seconds.
Begin MonoManager ReloadAssembly
Native extension for WindowsStandalone target not found
Refreshing native plugins compatible for Editor in 0.20 ms, found 0 plugins.
Preloading 0 native plugins for Editor in 0.00 ms.
Invoked RoslynAnalysisRunner static constructor.
RoslynAnalysisRunner will not be running.
RoslynAnalysisRunner has terminated.
Mono: successfully reloaded assembly
- Completed reload, in  0.630 seconds
Platform modules already initialized, skipping
Refreshing native plugins compatible for Editor in 0.22 ms, found 0 plugins.
Preloading 0 native plugins for Editor in 0.00 ms.
Unloading 1102 Unused Serialized files (Serialized files now loaded: 0)
System memory in use before: 74.1 MB.
System memory in use after: 74.2 MB.

Unloading 5 unused Assets to reduce memory usage. Loaded Objects now: 1612.
Total: 1.609000 ms (FindLiveObjects: 0.161900 ms CreateObjectMapping: 0.030900 ms MarkObjects: 1.356500 ms  DeleteObjects: 0.058700 ms)

========================================================================
Received Import Request.
  Time since last request: 47.699358 seconds.
  path: Assets/Sounds
  artifactKey: Guid(637a28a798ac3ac449288369dedf2f0d) Importer(815301076,1909f56bfc062723c751e8b465ee728b)
Start importing Assets/Sounds using Guid(637a28a798ac3ac449288369dedf2f0d) Importer(815301076,1909f56bfc062723c751e8b465ee728b)  -> (artifact id: '831a2ffb9d1ffcb310abcf6a9cb37d0f') in 0.010714 seconds
  Import took 0.013171 seconds .

========================================================================
Received Import Request.
  Time since last request: 10.676050 seconds.
  path: Assets/UI
  artifactKey: Guid(bc30d7c6dc6b3d944b4a35855bff0ce8) Importer(815301076,1909f56bfc062723c751e8b465ee728b)
Start importing Assets/UI using Guid(bc30d7c6dc6b3d944b4a35855bff0ce8) Importer(815301076,1909f56bfc062723c751e8b465ee728b)  -> (artifact id: '41a0058d8540d41f6769ba7ee0d9d3a8') in 0.006597 seconds
  Import took 0.008401 seconds .

========================================================================
Received Prepare
Registering precompiled user dll's ...
Registered in 0.000620 seconds.
Begin MonoManager ReloadAssembly
Native extension for WindowsStandalone target not found
Refreshing native plugins compatible for Editor in 0.31 ms, found 0 plugins.
Preloading 0 native plugins for Editor in 0.00 ms.
Invoked RoslynAnalysisRunner static constructor.
RoslynAnalysisRunner will not be running.
RoslynAnalysisRunner has terminated.
Mono: successfully reloaded assembly
- Completed reload, in  0.639 seconds
Platform modules already initialized, skipping
Refreshing native plugins compatible for Editor in 0.21 ms, found 0 plugins.
Preloading 0 native plugins for Editor in 0.00 ms.
Unloading 1102 Unused Serialized files (Serialized files now loaded: 0)
System memory in use before: 74.4 MB.
System memory in use after: 74.5 MB.

Unloading 5 unused Assets to reduce memory usage. Loaded Objects now: 1614.
Total: 1.805100 ms (FindLiveObjects: 0.194400 ms CreateObjectMapping: 0.028500 ms MarkObjects: 1.503500 ms  DeleteObjects: 0.077500 ms)

========================================================================
Received Prepare
Registering precompiled user dll's ...
Registered in 0.000619 seconds.
Begin MonoManager ReloadAssembly
Native extension for WindowsStandalone target not found
Refreshing native plugins compatible for Editor in 0.22 ms, found 0 plugins.
Preloading 0 native plugins for Editor in 0.00 ms.
Invoked RoslynAnalysisRunner static constructor.
RoslynAnalysisRunner will not be running.
RoslynAnalysisRunner has terminated.
Mono: successfully reloaded assembly
- Completed reload, in  0.635 seconds
Platform modules already initialized, skipping
Refreshing native plugins compatible for Editor in 0.21 ms, found 0 plugins.
Preloading 0 native plugins for Editor in 0.00 ms.
Unloading 1102 Unused Serialized files (Serialized files now loaded: 0)
System memory in use before: 74.5 MB.
System memory in use after: 74.6 MB.

Unloading 5 unused Assets to reduce memory usage. Loaded Objects now: 1616.
Total: 1.561000 ms (FindLiveObjects: 0.158000 ms CreateObjectMapping: 0.026200 ms MarkObjects: 1.309200 ms  DeleteObjects: 0.066200 ms)

========================================================================
Received Prepare
Registering precompiled user dll's ...
Registered in 0.000759 seconds.
Begin MonoManager ReloadAssembly
Native extension for WindowsStandalone target not found
Refreshing native plugins compatible for Editor in 0.23 ms, found 0 plugins.
Preloading 0 native plugins for Editor in 0.00 ms.
Invoked RoslynAnalysisRunner static constructor.
RoslynAnalysisRunner will not be running.
RoslynAnalysisRunner has terminated.
Mono: successfully reloaded assembly
- Completed reload, in  0.622 seconds
Platform modules already initialized, skipping
Refreshing native plugins compatible for Editor in 0.22 ms, found 0 plugins.
Preloading 0 native plugins for Editor in 0.00 ms.
Unloading 1102 Unused Serialized files (Serialized files now loaded: 0)
System memory in use before: 74.0 MB.
System memory in use after: 74.1 MB.

Unloading 5 unused Assets to reduce memory usage. Loaded Objects now: 1618.
Total: 1.713300 ms (FindLiveObjects: 0.174100 ms CreateObjectMapping: 0.031300 ms MarkObjects: 1.441000 ms  DeleteObjects: 0.065800 ms)

========================================================================
Received Prepare
Registering precompiled user dll's ...
Registered in 0.000546 seconds.
Begin MonoManager ReloadAssembly
Native extension for WindowsStandalone target not found
Refreshing native plugins compatible for Editor in 0.21 ms, found 0 plugins.
Preloading 0 native plugins for Editor in 0.00 ms.
Invoked RoslynAnalysisRunner static constructor.
RoslynAnalysisRunner will not be running.
RoslynAnalysisRunner has terminated.
Mono: successfully reloaded assembly
- Completed reload, in  0.639 seconds
Platform modules already initialized, skipping
Refreshing native plugins compatible for Editor in 0.22 ms, found 0 plugins.
Preloading 0 native plugins for Editor in 0.00 ms.
Unloading 1102 Unused Serialized files (Serialized files now loaded: 0)
System memory in use before: 74.3 MB.
System memory in use after: 74.3 MB.

Unloading 5 unused Assets to reduce memory usage. Loaded Objects now: 1620.
Total: 1.754400 ms (FindLiveObjects: 0.157700 ms CreateObjectMapping: 0.027500 ms MarkObjects: 1.487700 ms  DeleteObjects: 0.080400 ms)

AssetImportWorkerClient::OnTransportError - code=2 error=End of file
