Using pre-set license
Built from '2020.2/release' branch; Version is '2020.2.2f1 (068178b99f32) revision 426360'; Using compiler version '192528614'; Build Type 'Release'
OS: 'Windows 10 Home Single Language; OS build 19041.867; Version 2004; 64bit' Language: 'en' Physical Memory: 16312 MB
BatchMode: 1, IsHumanControllingUs: 0, StartBugReporterOnCrash: 0, Is64bit: 1, IsPro: 0

 COMMAND LINE ARGUMENTS:
C:\Program Files\Unity\Hub\Editor\2020.2.2f1\Editor\Unity.exe
-adb2
-batchMode
-noUpm
-name
AssetImportWorker0
-projectPath
C:/Users/vmart/Desktop/CST-326/Space Invader
-logFile
Logs/AssetImportWorker0.log
-srvPort
61644
Successfully changed project path to: C:/Users/vmart/Desktop/CST-326/Space Invader
C:/Users/vmart/Desktop/CST-326/Space Invader
Using Asset Import Pipeline V2.
Refreshing native plugins compatible for Editor in 20.45 ms, found 0 plugins.
Preloading 0 native plugins for Editor in 0.00 ms.
Initialize engine version: 2020.2.2f1 (068178b99f32)
[Subsystems] Discovering subsystems at path C:/Program Files/Unity/Hub/Editor/2020.2.2f1/Editor/Data/Resources/UnitySubsystems
[Subsystems] Discovering subsystems at path C:/Users/vmart/Desktop/CST-326/Space Invader/Assets
GfxDevice: creating device client; threaded=0
Direct3D:
    Version:  Direct3D 11.0 [level 11.1]
    Renderer: NVIDIA GeForce RTX 2080 SUPER (ID=0x1e81)
    Vendor:   
    VRAM:     8010 MB
    Driver:   27.21.14.6089
Initialize mono
Mono path[0] = 'C:/Program Files/Unity/Hub/Editor/2020.2.2f1/Editor/Data/Managed'
Mono path[1] = 'C:/Program Files/Unity/Hub/Editor/2020.2.2f1/Editor/Data/MonoBleedingEdge/lib/mono/unityjit'
Mono config path = 'C:/Program Files/Unity/Hub/Editor/2020.2.2f1/Editor/Data/MonoBleedingEdge/etc'
Using monoOptions --debugger-agent=transport=dt_socket,embedding=1,server=y,suspend=n,address=127.0.0.1:56844
Begin MonoManager ReloadAssembly
Registering precompiled unity dll's ...
Register platform support module: C:/Program Files/Unity/Hub/Editor/2020.2.2f1/Editor/Data/PlaybackEngines/WindowsStandaloneSupport/UnityEditor.WindowsStandalone.Extensions.dll
Registered in 0.001785 seconds.
Native extension for WindowsStandalone target not found
Refreshing native plugins compatible for Editor in 20.98 ms, found 0 plugins.
Preloading 0 native plugins for Editor in 0.00 ms.
Invoked RoslynAnalysisRunner static constructor.
RoslynAnalysisRunner will not be running.
RoslynAnalysisRunner has terminated.
Mono: successfully reloaded assembly
- Completed reload, in  0.894 seconds
Platform modules already initialized, skipping
Registering precompiled user dll's ...
Registered in 0.000690 seconds.
Begin MonoManager ReloadAssembly
Native extension for WindowsStandalone target not found
Refreshing native plugins compatible for Editor in 0.20 ms, found 0 plugins.
Preloading 0 native plugins for Editor in 0.00 ms.
Invoked RoslynAnalysisRunner static constructor.
RoslynAnalysisRunner will not be running.
RoslynAnalysisRunner has terminated.
Mono: successfully reloaded assembly
- Completed reload, in  0.647 seconds
Platform modules already initialized, skipping
========================================================================
Worker process is ready to serve import requests
Launched and connected shader compiler UnityShaderCompiler.exe after 0.04 seconds
Refreshing native plugins compatible for Editor in 0.21 ms, found 0 plugins.
Preloading 0 native plugins for Editor in 0.00 ms.
Unloading 1120 Unused Serialized files (Serialized files now loaded: 0)
System memory in use before: 70.5 MB.
System memory in use after: 70.6 MB.

Unloading 10 unused Assets to reduce memory usage. Loaded Objects now: 1579.
Total: 1.734500 ms (FindLiveObjects: 0.153900 ms CreateObjectMapping: 0.027000 ms MarkObjects: 1.460900 ms  DeleteObjects: 0.091400 ms)

========================================================================
Received Import Request.
  path: Assets/Prefabs/Player.prefab
  artifactKey: Guid(46f7c04cfd4b73e49a865596061b9ab8) Importer(815301076,1909f56bfc062723c751e8b465ee728b)
Start importing Assets/Prefabs/Player.prefab using Guid(46f7c04cfd4b73e49a865596061b9ab8) Importer(815301076,1909f56bfc062723c751e8b465ee728b)  -> (artifact id: '694ea0f1f306f08f5b9266107dcf42a8') in 0.088187 seconds
  Import took 0.089959 seconds .

========================================================================
Received Import Request.
  Time since last request: 8.491407 seconds.
  path: Assets/Scenes/MainMenu.unity
  artifactKey: Guid(286d826bf9e8c8f468deee92fe7de81d) Importer(815301076,1909f56bfc062723c751e8b465ee728b)
Start importing Assets/Scenes/MainMenu.unity using Guid(286d826bf9e8c8f468deee92fe7de81d) Importer(815301076,1909f56bfc062723c751e8b465ee728b)  -> (artifact id: '1c9ff3ba77094ce8b418572841d2493f') in 0.007203 seconds
  Import took 0.008988 seconds .

========================================================================
Received Import Request.
  Time since last request: 0.000768 seconds.
  path: Assets/Scenes/MainMenu.unity
  artifactKey: Guid(286d826bf9e8c8f468deee92fe7de81d) Importer(815301076,1909f56bfc062723c751e8b465ee728b)
Start importing Assets/Scenes/MainMenu.unity using Guid(286d826bf9e8c8f468deee92fe7de81d) Importer(815301076,1909f56bfc062723c751e8b465ee728b)  -> (artifact id: '1c9ff3ba77094ce8b418572841d2493f') in 0.003698 seconds
  Import took 0.005432 seconds .

========================================================================
Received Prepare
Refreshing native plugins compatible for Editor in 0.68 ms, found 0 plugins.
Preloading 0 native plugins for Editor in 0.00 ms.
Unloading 3 Unused Serialized files (Serialized files now loaded: 0)
System memory in use before: 51.0 MB.
System memory in use after: 51.1 MB.

Unloading 4 unused Assets to reduce memory usage. Loaded Objects now: 1587.
Total: 2.721800 ms (FindLiveObjects: 0.199400 ms CreateObjectMapping: 0.043600 ms MarkObjects: 2.376700 ms  DeleteObjects: 0.099600 ms)

========================================================================
Received Prepare
Registering precompiled user dll's ...
Registered in 0.000609 seconds.
Begin MonoManager ReloadAssembly
Native extension for WindowsStandalone target not found
Refreshing native plugins compatible for Editor in 0.22 ms, found 0 plugins.
Preloading 0 native plugins for Editor in 0.00 ms.
Invoked RoslynAnalysisRunner static constructor.
RoslynAnalysisRunner will not be running.
RoslynAnalysisRunner has terminated.
Mono: successfully reloaded assembly
- Completed reload, in  0.611 seconds
Platform modules already initialized, skipping
Refreshing native plugins compatible for Editor in 0.21 ms, found 0 plugins.
Preloading 0 native plugins for Editor in 0.00 ms.
Unloading 1102 Unused Serialized files (Serialized files now loaded: 0)
System memory in use before: 73.1 MB.
System memory in use after: 73.2 MB.

Unloading 5 unused Assets to reduce memory usage. Loaded Objects now: 1589.
Total: 1.663100 ms (FindLiveObjects: 0.149800 ms CreateObjectMapping: 0.024900 ms MarkObjects: 1.432400 ms  DeleteObjects: 0.055000 ms)

========================================================================
Received Import Request.
  Time since last request: 237.909453 seconds.
  path: Assets/Animation/Player/Player_Boom.anim
  artifactKey: Guid(85eb494736847fe46a8816538d25da34) Importer(815301076,1909f56bfc062723c751e8b465ee728b)
Start importing Assets/Animation/Player/Player_Boom.anim using Guid(85eb494736847fe46a8816538d25da34) Importer(815301076,1909f56bfc062723c751e8b465ee728b)  -> (artifact id: 'f8924de47d97ab509cca9ea161d4ef17') in 0.015281 seconds
  Import took 0.016978 seconds .

========================================================================
Received Prepare
Registering precompiled user dll's ...
Registered in 0.000593 seconds.
Begin MonoManager ReloadAssembly
Native extension for WindowsStandalone target not found
Refreshing native plugins compatible for Editor in 0.21 ms, found 0 plugins.
Preloading 0 native plugins for Editor in 0.00 ms.
Invoked RoslynAnalysisRunner static constructor.
RoslynAnalysisRunner will not be running.
RoslynAnalysisRunner has terminated.
Mono: successfully reloaded assembly
- Completed reload, in  0.651 seconds
Platform modules already initialized, skipping
Refreshing native plugins compatible for Editor in 0.21 ms, found 0 plugins.
Preloading 0 native plugins for Editor in 0.00 ms.
Unloading 1102 Unused Serialized files (Serialized files now loaded: 0)
System memory in use before: 73.3 MB.
System memory in use after: 73.4 MB.

Unloading 5 unused Assets to reduce memory usage. Loaded Objects now: 1591.
Total: 1.407300 ms (FindLiveObjects: 0.135300 ms CreateObjectMapping: 0.027500 ms MarkObjects: 1.187900 ms  DeleteObjects: 0.055600 ms)

========================================================================
Received Prepare
Registering precompiled user dll's ...
Registered in 0.000565 seconds.
Begin MonoManager ReloadAssembly
Native extension for WindowsStandalone target not found
Refreshing native plugins compatible for Editor in 0.21 ms, found 0 plugins.
Preloading 0 native plugins for Editor in 0.00 ms.
Invoked RoslynAnalysisRunner static constructor.
RoslynAnalysisRunner will not be running.
RoslynAnalysisRunner has terminated.
Mono: successfully reloaded assembly
- Completed reload, in  0.640 seconds
Platform modules already initialized, skipping
Refreshing native plugins compatible for Editor in 0.22 ms, found 0 plugins.
Preloading 0 native plugins for Editor in 0.00 ms.
Unloading 1102 Unused Serialized files (Serialized files now loaded: 0)
System memory in use before: 73.7 MB.
System memory in use after: 73.8 MB.

Unloading 5 unused Assets to reduce memory usage. Loaded Objects now: 1593.
Total: 1.728000 ms (FindLiveObjects: 0.136000 ms CreateObjectMapping: 0.025400 ms MarkObjects: 1.511400 ms  DeleteObjects: 0.054300 ms)

========================================================================
Received Prepare
Registering precompiled user dll's ...
Registered in 0.000897 seconds.
Begin MonoManager ReloadAssembly
Native extension for WindowsStandalone target not found
Refreshing native plugins compatible for Editor in 0.21 ms, found 0 plugins.
Preloading 0 native plugins for Editor in 0.00 ms.
Invoked RoslynAnalysisRunner static constructor.
RoslynAnalysisRunner will not be running.
RoslynAnalysisRunner has terminated.
Mono: successfully reloaded assembly
- Completed reload, in  0.617 seconds
Platform modules already initialized, skipping
Refreshing native plugins compatible for Editor in 0.22 ms, found 0 plugins.
Preloading 0 native plugins for Editor in 0.00 ms.
Unloading 1102 Unused Serialized files (Serialized files now loaded: 0)
System memory in use before: 74.0 MB.
System memory in use after: 74.0 MB.

Unloading 5 unused Assets to reduce memory usage. Loaded Objects now: 1595.
Total: 1.474900 ms (FindLiveObjects: 0.147500 ms CreateObjectMapping: 0.025500 ms MarkObjects: 1.241300 ms  DeleteObjects: 0.059500 ms)

========================================================================
Received Prepare
Registering precompiled user dll's ...
Registered in 0.000524 seconds.
Begin MonoManager ReloadAssembly
Native extension for WindowsStandalone target not found
Refreshing native plugins compatible for Editor in 0.21 ms, found 0 plugins.
Preloading 0 native plugins for Editor in 0.00 ms.
Invoked RoslynAnalysisRunner static constructor.
RoslynAnalysisRunner will not be running.
RoslynAnalysisRunner has terminated.
Mono: successfully reloaded assembly
- Completed reload, in  0.599 seconds
Platform modules already initialized, skipping
Refreshing native plugins compatible for Editor in 0.22 ms, found 0 plugins.
Preloading 0 native plugins for Editor in 0.00 ms.
Unloading 1102 Unused Serialized files (Serialized files now loaded: 0)
System memory in use before: 74.2 MB.
System memory in use after: 74.3 MB.

Unloading 5 unused Assets to reduce memory usage. Loaded Objects now: 1597.
Total: 1.519000 ms (FindLiveObjects: 0.141000 ms CreateObjectMapping: 0.030000 ms MarkObjects: 1.283900 ms  DeleteObjects: 0.063100 ms)

========================================================================
Received Import Request.
  Time since last request: 270.323614 seconds.
  path: Assets/Scenes/DemoScene.unity
  artifactKey: Guid(b10c833d892f8724fac69a0625a5f543) Importer(815301076,1909f56bfc062723c751e8b465ee728b)
Start importing Assets/Scenes/DemoScene.unity using Guid(b10c833d892f8724fac69a0625a5f543) Importer(815301076,1909f56bfc062723c751e8b465ee728b)  -> (artifact id: '67bb63f3f3ae56958e96b3a2fbe22248') in 0.009994 seconds
  Import took 0.011843 seconds .

========================================================================
Received Import Request.
  Time since last request: 83.573669 seconds.
  path: Assets/Animation/Player/Player_Shoot.anim
  artifactKey: Guid(05db1355f59ec7947916a452f6aa25a2) Importer(815301076,1909f56bfc062723c751e8b465ee728b)
Start importing Assets/Animation/Player/Player_Shoot.anim using Guid(05db1355f59ec7947916a452f6aa25a2) Importer(815301076,1909f56bfc062723c751e8b465ee728b)  -> (artifact id: '0769dce0ceb5a08b8c11f63b080992b7') in 0.010340 seconds
  Import took 0.012286 seconds .

========================================================================
Received Import Request.
  Time since last request: 6.075318 seconds.
  path: Assets/Animation/Player/Player_Idle.anim
  artifactKey: Guid(72bf51e5ff0b0c9458b6fd219dcc9a3f) Importer(815301076,1909f56bfc062723c751e8b465ee728b)
Start importing Assets/Animation/Player/Player_Idle.anim using Guid(72bf51e5ff0b0c9458b6fd219dcc9a3f) Importer(815301076,1909f56bfc062723c751e8b465ee728b)  -> (artifact id: 'fd99b825ec22173675d68173f22b9729') in 0.008246 seconds
  Import took 0.010051 seconds .

========================================================================
Received Import Request.
  Time since last request: 0.004068 seconds.
  path: Assets/Animation/Player/Player_Idle.anim
  artifactKey: Guid(72bf51e5ff0b0c9458b6fd219dcc9a3f) Importer(815301076,1909f56bfc062723c751e8b465ee728b)
Start importing Assets/Animation/Player/Player_Idle.anim using Guid(72bf51e5ff0b0c9458b6fd219dcc9a3f) Importer(815301076,1909f56bfc062723c751e8b465ee728b)  -> (artifact id: 'fd99b825ec22173675d68173f22b9729') in 0.003128 seconds
  Import took 0.004446 seconds .

========================================================================
Received Prepare
Registering precompiled user dll's ...
Registered in 0.000532 seconds.
Begin MonoManager ReloadAssembly
Native extension for WindowsStandalone target not found
Refreshing native plugins compatible for Editor in 0.22 ms, found 0 plugins.
Preloading 0 native plugins for Editor in 0.00 ms.
Invoked RoslynAnalysisRunner static constructor.
RoslynAnalysisRunner will not be running.
RoslynAnalysisRunner has terminated.
Mono: successfully reloaded assembly
- Completed reload, in  0.597 seconds
Platform modules already initialized, skipping
Refreshing native plugins compatible for Editor in 0.21 ms, found 0 plugins.
Preloading 0 native plugins for Editor in 0.00 ms.
Unloading 1102 Unused Serialized files (Serialized files now loaded: 0)
System memory in use before: 74.4 MB.
System memory in use after: 74.4 MB.

Unloading 5 unused Assets to reduce memory usage. Loaded Objects now: 1599.
Total: 1.514200 ms (FindLiveObjects: 0.136200 ms CreateObjectMapping: 0.024600 ms MarkObjects: 1.295800 ms  DeleteObjects: 0.056500 ms)

========================================================================
Received Import Request.
  Time since last request: 186.408626 seconds.
  path: Assets/Animation/Enemy1/Enemy_boom.anim
  artifactKey: Guid(1d988e818984dce4aad446329edacd7d) Importer(815301076,1909f56bfc062723c751e8b465ee728b)
Start importing Assets/Animation/Enemy1/Enemy_boom.anim using Guid(1d988e818984dce4aad446329edacd7d) Importer(815301076,1909f56bfc062723c751e8b465ee728b)  -> (artifact id: 'a359835196afe0ed90ab17768f195d87') in 0.016950 seconds
  Import took 0.018773 seconds .

========================================================================
Received Import Request.
  Time since last request: 0.450318 seconds.
  path: Assets/Animation/Enemy1/Enemy_Idle.anim
  artifactKey: Guid(67b2f963c59a5fc4c8138d5409640934) Importer(815301076,1909f56bfc062723c751e8b465ee728b)
Start importing Assets/Animation/Enemy1/Enemy_Idle.anim using Guid(67b2f963c59a5fc4c8138d5409640934) Importer(815301076,1909f56bfc062723c751e8b465ee728b)  -> (artifact id: '19f12b5a0e03da3edb46616147c808ae') in 0.008652 seconds
  Import took 0.010426 seconds .

========================================================================
Received Import Request.
  Time since last request: 0.361996 seconds.
  path: Assets/Animation/Enemy1/Enemy_Shoot.anim
  artifactKey: Guid(0485d3bf11e4201498bac29a1451d08a) Importer(815301076,1909f56bfc062723c751e8b465ee728b)
Start importing Assets/Animation/Enemy1/Enemy_Shoot.anim using Guid(0485d3bf11e4201498bac29a1451d08a) Importer(815301076,1909f56bfc062723c751e8b465ee728b)  -> (artifact id: '145eaee2b12176aa37f45c68b94e740e') in 0.006692 seconds
  Import took 0.008302 seconds .

========================================================================
Received Prepare
Registering precompiled user dll's ...
Registered in 0.000597 seconds.
Begin MonoManager ReloadAssembly
Native extension for WindowsStandalone target not found
Refreshing native plugins compatible for Editor in 0.21 ms, found 0 plugins.
Preloading 0 native plugins for Editor in 0.00 ms.
Invoked RoslynAnalysisRunner static constructor.
RoslynAnalysisRunner will not be running.
RoslynAnalysisRunner has terminated.
Mono: successfully reloaded assembly
- Completed reload, in  0.597 seconds
Platform modules already initialized, skipping
Refreshing native plugins compatible for Editor in 0.21 ms, found 0 plugins.
Preloading 0 native plugins for Editor in 0.00 ms.
Unloading 1102 Unused Serialized files (Serialized files now loaded: 0)
System memory in use before: 73.8 MB.
System memory in use after: 73.8 MB.

Unloading 5 unused Assets to reduce memory usage. Loaded Objects now: 1601.
Total: 1.384800 ms (FindLiveObjects: 0.128100 ms CreateObjectMapping: 0.025400 ms MarkObjects: 1.174400 ms  DeleteObjects: 0.056200 ms)

========================================================================
Received Prepare
Registering precompiled user dll's ...
Registered in 0.000539 seconds.
Begin MonoManager ReloadAssembly
Native extension for WindowsStandalone target not found
Refreshing native plugins compatible for Editor in 0.21 ms, found 0 plugins.
Preloading 0 native plugins for Editor in 0.00 ms.
Invoked RoslynAnalysisRunner static constructor.
RoslynAnalysisRunner will not be running.
RoslynAnalysisRunner has terminated.
Mono: successfully reloaded assembly
- Completed reload, in  0.598 seconds
Platform modules already initialized, skipping
Refreshing native plugins compatible for Editor in 0.23 ms, found 0 plugins.
Preloading 0 native plugins for Editor in 0.00 ms.
Unloading 1102 Unused Serialized files (Serialized files now loaded: 0)
System memory in use before: 74.0 MB.
System memory in use after: 74.1 MB.

Unloading 5 unused Assets to reduce memory usage. Loaded Objects now: 1603.
Total: 1.814500 ms (FindLiveObjects: 0.173200 ms CreateObjectMapping: 0.025300 ms MarkObjects: 1.553300 ms  DeleteObjects: 0.061400 ms)

AssetImportWorkerClient::OnTransportError - code=2 error=End of file
